<?xml version="1.0" encoding="UTF-8"?>
<!-- Generated by org.testng.reporters.JUnitXMLReporter -->
<testsuite ignored="6" hostname="DESKTOP-MVC5RA3" failures="0" tests="6" name="Test" time="13.703" errors="0" timestamp="2022-05-18T19:45:03 IST">
  <testcase classname="tesNGConcept.BingTest" name="pageTitleTest" time="2.508"/>
  <testcase classname="tesNGConcept.BingTest" name="urlTest" time="0.014"/>
  <testcase classname="tesNGConcept.GoogleTest" name="googleTitleTest" time="2.703"/>
  <testcase classname="tesNGConcept.GoogleTest" name="googleUrlTest" time="0.011"/>
  <testcase classname="tesNGConcept.OrangeHRMTest" name="orangeTitleTest" time="3.807"/>
  <testcase classname="tesNGConcept.OrangeHRMTest" name="orangeUrlTest" time="0.016"/>
  <testcase classname="tesNGConcept.BaseTest" name="@AfterTest tearDown" time="0.0">
    <ignored/>
  </testcase> <!-- @AfterTest tearDown -->
  <testcase classname="tesNGConcept.BaseTest" name="@AfterTest tearDown" time="0.0">
    <ignored/>
  </testcase> <!-- @AfterTest tearDown -->
  <testcase classname="tesNGConcept.BaseTest" name="@AfterTest tearDown" time="0.0">
    <ignored/>
  </testcase> <!-- @AfterTest tearDown -->
  <testcase classname="tesNGConcept.BaseTest" name="@BeforeTest setup" time="0.0">
    <ignored/>
  </testcase> <!-- @BeforeTest setup -->
  <testcase classname="tesNGConcept.BaseTest" name="@BeforeTest setup" time="0.0">
    <ignored/>
  </testcase> <!-- @BeforeTest setup -->
  <testcase classname="tesNGConcept.BaseTest" name="@BeforeTest setup" time="0.0">
    <ignored/>
  </testcase> <!-- @BeforeTest setup -->
</testsuite> <!-- Test -->
