<?xml version="1.0" encoding="UTF-8"?>
<!-- Generated by org.testng.reporters.JUnitXMLReporter -->
<testsuite ignored="2" hostname="DESKTOP-MVC5RA3" failures="0" tests="4" name="Test(failed)" time="18.179" errors="0" timestamp="2022-05-18T19:03:06 IST">
  <testcase classname="tesNGConcept.OrangeHRMTest" name="orangeTitleTest" time="6.561"/>
  <testcase classname="tesNGConcept.OrangeHRMTest" name="orangeUrlTest" time="0.016"/>
  <testcase classname="tesNGConcept.GoogleTest" name="googleTitleTest" time="3.957"/>
  <testcase classname="tesNGConcept.GoogleTest" name="googleUrlTest" time="0.011"/>
  <testcase classname="tesNGConcept.BaseTest" name="@AfterTest tearDown" time="0.0">
    <ignored/>
  </testcase> <!-- @AfterTest tearDown -->
  <testcase classname="tesNGConcept.BaseTest" name="@BeforeTest setup" time="0.0">
    <ignored/>
  </testcase> <!-- @BeforeTest setup -->
</testsuite> <!-- Test(failed) -->
